\BOOKMARK [0][-]{chapter.0}{Introduction}{}% 1
\BOOKMARK [0][-]{chapter.1}{Trie Hybride}{}% 2
\BOOKMARK [1][-]{section.1.1}{Implantation}{chapter.1}% 3
\BOOKMARK [1][-]{section.1.2}{Complexit\351}{chapter.1}% 4
\BOOKMARK [2][-]{subsection.1.2.1}{Recherche}{section.1.2}% 5
\BOOKMARK [2][-]{subsection.1.2.2}{Comptage Mots}{section.1.2}% 6
\BOOKMARK [2][-]{subsection.1.2.3}{Liste Mots}{section.1.2}% 7
\BOOKMARK [2][-]{subsection.1.2.4}{Comptage Nil}{section.1.2}% 8
\BOOKMARK [2][-]{subsection.1.2.5}{Hauteur}{section.1.2}% 9
\BOOKMARK [2][-]{subsection.1.2.6}{Profondeur Moyenne}{section.1.2}% 10
\BOOKMARK [2][-]{subsection.1.2.7}{Pr\351fixe}{section.1.2}% 11
\BOOKMARK [2][-]{subsection.1.2.8}{Suppression}{section.1.2}% 12
\BOOKMARK [0][-]{chapter.2}{Patricia Trie}{}% 13
\BOOKMARK [1][-]{section.2.1}{Implantation}{chapter.2}% 14
\BOOKMARK [1][-]{section.2.2}{Complexit\351}{chapter.2}% 15
\BOOKMARK [2][-]{subsection.2.2.1}{Recherche}{section.2.2}% 16
\BOOKMARK [2][-]{subsection.2.2.2}{Comptage Mots}{section.2.2}% 17
\BOOKMARK [2][-]{subsection.2.2.3}{Liste Mots}{section.2.2}% 18
\BOOKMARK [2][-]{subsection.2.2.4}{Comptage Nil}{section.2.2}% 19
\BOOKMARK [2][-]{subsection.2.2.5}{Hauteur}{section.2.2}% 20
\BOOKMARK [2][-]{subsection.2.2.6}{Profondeur Moyenne}{section.2.2}% 21
\BOOKMARK [2][-]{subsection.2.2.7}{Pr\351fixe}{section.2.2}% 22
\BOOKMARK [2][-]{subsection.2.2.8}{Suppression}{section.2.2}% 23
\BOOKMARK [0][-]{chapter.3}{Fonctions complexes}{}% 24
\BOOKMARK [1][-]{section.3.1}{Implantation}{chapter.3}% 25
\BOOKMARK [1][-]{section.3.2}{Complexit\351}{chapter.3}% 26
\BOOKMARK [2][-]{subsection.3.2.1}{Fusion de Patricia Trie}{section.3.2}% 27
\BOOKMARK [2][-]{subsection.3.2.2}{Conversion de Patricia Trie en Trie Hybride}{section.3.2}% 28
\BOOKMARK [2][-]{subsection.3.2.3}{Conversion de Trie Hybride en Patricia Trie}{section.3.2}% 29
\BOOKMARK [2][-]{subsection.3.2.4}{R\351\351quilibrage de Trie Hybride}{section.3.2}% 30
\BOOKMARK [0][-]{chapter.4}{Etude exp\351rimentale}{}% 31
